<?xml version="1.0" encoding="UTF-8"?>
<!-- Generated by org.testng.reporters.JUnitXMLReporter -->
<testsuite hostname="Lenovo-PC" ignored="0" name="Test" tests="3" failures="0" timestamp="03 Mar 2019 13:33:20 GMT" time="0.149" errors="0">
  <testcase name="f" time="0.008" classname="SimpleTestngPackage.TestngClassOpenGmail"/>
  <testcase name="f" time="0.0" classname="SimpleTestngPackage.OpenGmailTestng"/>
  <testcase name="f" time="0.001" classname="SimpleTestngPackage.OpenGmailTestng"/>
</testsuite> <!-- Test -->
