<?xml version="1.0" encoding="UTF-8"?>
<testng-results skipped="0" failed="0" ignored="0" total="3" passed="3">
  <reporter-output>
  </reporter-output>
  <suite name="Suite" duration-ms="85" started-at="2019-03-03T11:18:16Z" finished-at="2019-03-03T11:18:17Z">
    <groups>
    </groups>
    <test name="Test" duration-ms="85" started-at="2019-03-03T11:18:16Z" finished-at="2019-03-03T11:18:17Z">
      <class name="SimpleTestngPackage.OpenGmailTestng">
        <test-method status="PASS" signature="beforeMethod()[pri:0, instance:SimpleTestngPackage.OpenGmailTestng@8bd1b6a]" name="beforeMethod" is-config="true" duration-ms="0" started-at="2019-03-03T11:18:17Z" finished-at="2019-03-03T11:18:17Z">
          <reporter-output>
          </reporter-output>
        </test-method> <!-- beforeMethod -->
        <test-method status="PASS" signature="f(java.lang.Integer, java.lang.String)[pri:0, instance:SimpleTestngPackage.OpenGmailTestng@8bd1b6a]" name="f" duration-ms="3" started-at="2019-03-03T11:18:17Z" data-provider="dp" finished-at="2019-03-03T11:18:17Z">
          <params>
            <param index="0">
              <value>
                <![CDATA[1]]>
              </value>
            </param>
            <param index="1">
              <value>
                <![CDATA[anand]]>
              </value>
            </param>
          </params>
          <reporter-output>
          </reporter-output>
        </test-method> <!-- f -->
        <test-method status="PASS" signature="afterMethod()[pri:0, instance:SimpleTestngPackage.OpenGmailTestng@8bd1b6a]" name="afterMethod" is-config="true" duration-ms="4" started-at="2019-03-03T11:18:17Z" finished-at="2019-03-03T11:18:17Z">
          <reporter-output>
          </reporter-output>
        </test-method> <!-- afterMethod -->
        <test-method status="PASS" signature="beforeMethod()[pri:0, instance:SimpleTestngPackage.OpenGmailTestng@8bd1b6a]" name="beforeMethod" is-config="true" duration-ms="1" started-at="2019-03-03T11:18:17Z" finished-at="2019-03-03T11:18:17Z">
          <reporter-output>
          </reporter-output>
        </test-method> <!-- beforeMethod -->
        <test-method status="PASS" signature="f(java.lang.Integer, java.lang.String)[pri:0, instance:SimpleTestngPackage.OpenGmailTestng@8bd1b6a]" name="f" duration-ms="2" started-at="2019-03-03T11:18:17Z" data-provider="dp" finished-at="2019-03-03T11:18:17Z">
          <params>
            <param index="0">
              <value>
                <![CDATA[2]]>
              </value>
            </param>
            <param index="1">
              <value>
                <![CDATA[naveen]]>
              </value>
            </param>
          </params>
          <reporter-output>
          </reporter-output>
        </test-method> <!-- f -->
        <test-method status="PASS" signature="afterMethod()[pri:0, instance:SimpleTestngPackage.OpenGmailTestng@8bd1b6a]" name="afterMethod" is-config="true" duration-ms="1" started-at="2019-03-03T11:18:17Z" finished-at="2019-03-03T11:18:17Z">
          <reporter-output>
          </reporter-output>
        </test-method> <!-- afterMethod -->
      </class> <!-- SimpleTestngPackage.OpenGmailTestng -->
      <class name="SimpleTestngPackage.TestngClassOpenGmail">
        <test-method status="PASS" signature="beforeMethod()[pri:0, instance:SimpleTestngPackage.TestngClassOpenGmail@55f3ddb1]" name="beforeMethod" is-config="true" duration-ms="7" started-at="2019-03-03T11:18:17Z" finished-at="2019-03-03T11:18:17Z">
          <reporter-output>
          </reporter-output>
        </test-method> <!-- beforeMethod -->
        <test-method status="PASS" signature="f()[pri:0, instance:SimpleTestngPackage.TestngClassOpenGmail@55f3ddb1]" name="f" duration-ms="7" started-at="2019-03-03T11:18:17Z" finished-at="2019-03-03T11:18:17Z">
          <reporter-output>
          </reporter-output>
        </test-method> <!-- f -->
        <test-method status="PASS" signature="afterMethod()[pri:0, instance:SimpleTestngPackage.TestngClassOpenGmail@55f3ddb1]" name="afterMethod" is-config="true" duration-ms="1" started-at="2019-03-03T11:18:17Z" finished-at="2019-03-03T11:18:17Z">
          <reporter-output>
          </reporter-output>
        </test-method> <!-- afterMethod -->
      </class> <!-- SimpleTestngPackage.TestngClassOpenGmail -->
    </test> <!-- Test -->
  </suite> <!-- Suite -->
</testng-results>
